[2025-11-09 12:25:38] info: [30vncqg] PUT /api/observacion/agregarInstrumento/1/3 404 - 6ms
[2025-11-09 12:25:49] error: [Code: 404]: No se encontro la observacion especifica
[2025-11-09 12:25:49] info: [1hlk7nu] POST /api/observacion/agregarInstrumento/1/3 404 - 23ms
[2025-11-09 12:26:12] info: [ma1vhej] POST /api/observacion/agregarInstrumento/5/3 201 - 37ms
[2025-11-09 12:26:18] info: [y2w0uxv] POST /api/observacion/agregarInstrumento/5/2 201 - 29ms
[2025-11-09 12:26:22] info: [oa7wme8] POST /api/observacion/agregarInstrumento/5/2 201 - 11ms
[2025-11-09 12:27:15] info: [gtcym3x] POST /api/observacion/agregarInstrumento/5/2 201 - 23ms
[2025-11-09 12:27:46] info: [wqslfgv] POST /api/observacion/agregarInstrumento/4/2 201 - 25ms
[2025-11-09 12:28:05] error: [Code: 500]: instrumento.toJSON is not a function
[2025-11-09 12:28:05] info: [6r19p65] POST /api/observacion/agregarInstrumento/4/2 500 - 47ms
[2025-11-09 12:28:24] info: [bvllc8a] POST /api/observacion/agregarInstrumento/4/2 201 - 53ms
[2025-11-09 12:30:00] info: [elwn6q0] POST /api/observacion/agregarInstrumento/4/2 201 - 24ms
[2025-11-09 12:30:35] error: [Code: 404]: El instrumento no esta asociado al usuario
[2025-11-09 12:30:35] info: [mvxb3s4] POST /api/observacion/agregarInstrumento/4/2 404 - 43ms
[2025-11-09 12:31:00] error: [Code: 404]: El instrumento no esta asociado al usuario
[2025-11-09 12:31:00] info: [e9pn63a] POST /api/observacion/agregarInstrumento/5/3 404 - 26ms
[2025-11-09 12:31:03] info: [ei3taw3] POST /api/observacion/agregarInstrumento/5/2 201 - 16ms
[2025-11-09 12:31:06] info: [ctzdk9f] POST /api/observacion/agregarInstrumento/5/1 201 - 22ms
[2025-11-09 12:31:11] error: [Code: 404]: El instrumento no esta asociado al usuario
[2025-11-09 12:31:11] info: [f6to65y] POST /api/observacion/agregarInstrumento/6/1 404 - 12ms
[2025-11-09 12:42:41] info: [io0gbmg] POST /api/auth/ 404 - 5ms
[2025-11-09 12:42:54] info: [8e9a3ew] POST /api/auth/login 200 - 130ms
[2025-11-09 12:43:12] error: [Code: 404]: No se encontro la tipoEvento especifico
[2025-11-09 12:43:12] info: [u1ovf6f] POST /api/evento 404 - 19ms
[2025-11-09 12:43:42] info: [qglp3ze] POST /api/evento 201 - 31ms
[2025-11-09 12:44:13] error: [Code: 401]: No se proporciono token
[2025-11-09 12:44:13] info: [044n48i] POST /api/evento 401 - 1ms
[2025-11-09 12:44:53] info: [khhzuyh] DELETE /api/evento/4 204 - 21ms
[2025-11-09 12:46:29] error: [Code: 404]: No se encontro el objeto especifico
[2025-11-09 12:46:29] info: [x1efh6t] POST /api/evento/agregarObjeto/5/6 404 - 16ms
[2025-11-09 12:46:55] error: [Code: 404]: No se encontro el objeto especifico
[2025-11-09 12:46:55] info: [kzw3hsg] POST /api/evento/agregarObjeto/5/7 404 - 12ms
[2025-11-09 12:47:26] error: [Code: 404]: No se encontro el objeto especifico
[2025-11-09 12:47:26] info: [v72g9xh] POST /api/evento/agregarObjeto/5/7 404 - 26ms
[2025-11-09 12:47:45] info: [23w0g4e] POST /api/evento/agregarObjeto/5/1 201 - 37ms
